<?xml version="1.0" encoding="UTF-8"?>
<testsuite xmlns:xsi="http://www.w3.org/2001/XMLSchema-instance" xsi:noNamespaceSchemaLocation="https://maven.apache.org/surefire/maven-failsafe-plugin/xsd/failsafe-test-report-3.0.xsd" version="3.0" name="com.namir.aatariak.keycloak.provider.api.user.AatariakUserProviderIT" time="83.024" tests="4" errors="0" skipped="0" failures="0">
  <properties>
    <property name="sun.desktop" value="gnome"/>
    <property name="awt.toolkit" value="sun.awt.X11.XToolkit"/>
    <property name="java.specification.version" value="11"/>
    <property name="sun.cpu.isalist" value=""/>
    <property name="sun.jnu.encoding" value="UTF-8"/>
    <property name="java.class.path" value="/home/namir/Projects/aatariak/keycloak/user-provider-api/target/test-classes:/home/namir/Projects/aatariak/keycloak/user-provider-api/target/com.namir-aatariak-user-provider-api.jar:/home/namir/.m2/repository/org/keycloak/keycloak-core/21.1.2/keycloak-core-21.1.2.jar:/home/namir/.m2/repository/org/keycloak/keycloak-common/21.1.2/keycloak-common-21.1.2.jar:/home/namir/.m2/repository/com/sun/activation/jakarta.activation/1.2.2/jakarta.activation-1.2.2.jar:/home/namir/.m2/repository/com/fasterxml/jackson/core/jackson-core/2.13.4/jackson-core-2.13.4.jar:/home/namir/.m2/repository/com/fasterxml/jackson/core/jackson-databind/2.13.4.2/jackson-databind-2.13.4.2.jar:/home/namir/.m2/repository/org/keycloak/keycloak-server-spi/21.0.1/keycloak-server-spi-21.0.1.jar:/home/namir/.m2/repository/org/keycloak/keycloak-server-spi-private/21.0.1/keycloak-server-spi-private-21.0.1.jar:/home/namir/.m2/repository/org/keycloak/keycloak-services/21.1.1/keycloak-services-21.1.1.jar:/home/namir/.m2/repository/com/sun/mail/jakarta.mail/1.6.5/jakarta.mail-1.6.5.jar:/home/namir/.m2/repository/org/twitter4j/twitter4j-core/4.1.2/twitter4j-core-4.1.2.jar:/home/namir/.m2/repository/org/jetbrains/annotations/23.0.0/annotations-23.0.0.jar:/home/namir/.m2/repository/org/jboss/logging/jboss-logging/3.4.1.Final/jboss-logging-3.4.1.Final.jar:/home/namir/.m2/repository/org/jboss/spec/javax/ws/rs/jboss-jaxrs-api_2.1_spec/2.0.1.Final/jboss-jaxrs-api_2.1_spec-2.0.1.Final.jar:/home/namir/.m2/repository/org/jboss/spec/javax/transaction/jboss-transaction-api_1.3_spec/2.0.0.Final/jboss-transaction-api_1.3_spec-2.0.0.Final.jar:/home/namir/.m2/repository/com/googlecode/owasp-java-html-sanitizer/owasp-java-html-sanitizer/20211018.2/owasp-java-html-sanitizer-20211018.2.jar:/home/namir/.m2/repository/com/google/guava/guava/30.1-jre/guava-30.1-jre.jar:/home/namir/.m2/repository/com/google/guava/failureaccess/1.0.1/failureaccess-1.0.1.jar:/home/namir/.m2/repository/com/google/guava/listenablefuture/9999.0-empty-to-avoid-conflict-with-guava/listenablefuture-9999.0-empty-to-avoid-conflict-with-guava.jar:/home/namir/.m2/repository/com/google/code/findbugs/jsr305/3.0.2/jsr305-3.0.2.jar:/home/namir/.m2/repository/com/google/errorprone/error_prone_annotations/2.3.4/error_prone_annotations-2.3.4.jar:/home/namir/.m2/repository/com/google/j2objc/j2objc-annotations/1.3/j2objc-annotations-1.3.jar:/home/namir/.m2/repository/com/fasterxml/jackson/core/jackson-annotations/2.13.4/jackson-annotations-2.13.4.jar:/home/namir/.m2/repository/com/fasterxml/jackson/datatype/jackson-datatype-jdk8/2.13.4/jackson-datatype-jdk8-2.13.4.jar:/home/namir/.m2/repository/com/google/zxing/javase/3.4.0/javase-3.4.0.jar:/home/namir/.m2/repository/com/google/zxing/core/3.4.0/core-3.4.0.jar:/home/namir/.m2/repository/com/github/jai-imageio/jai-imageio-core/1.4.0/jai-imageio-core-1.4.0.jar:/home/namir/.m2/repository/com/webauthn4j/webauthn4j-core/0.21.0.RELEASE/webauthn4j-core-0.21.0.RELEASE.jar:/home/namir/.m2/repository/com/webauthn4j/webauthn4j-util/0.21.0.RELEASE/webauthn4j-util-0.21.0.RELEASE.jar:/home/namir/.m2/repository/org/apache/kerby/kerby-asn1/2.0.3/kerby-asn1-2.0.3.jar:/home/namir/.m2/repository/com/fasterxml/jackson/dataformat/jackson-dataformat-cbor/2.14.2/jackson-dataformat-cbor-2.14.2.jar:/home/namir/.m2/repository/org/checkerframework/checker-qual/3.31.0/checker-qual-3.31.0.jar:/home/namir/.m2/repository/com/github/ua-parser/uap-java/1.5.4/uap-java-1.5.4.jar:/home/namir/.m2/repository/org/yaml/snakeyaml/1.33/snakeyaml-1.33.jar:/home/namir/.m2/repository/org/apache/commons/commons-collections4/4.4/commons-collections4-4.4.jar:/home/namir/.m2/repository/org/keycloak/keycloak-model-legacy/21.0.1/keycloak-model-legacy-21.0.1.jar:/home/namir/.m2/repository/com/openshift/openshift-restclient-java/9.0.5.Final/openshift-restclient-java-9.0.5.Final.jar:/home/namir/.m2/repository/com/squareup/okhttp3/okhttp/4.10.0/okhttp-4.10.0.jar:/home/namir/.m2/repository/com/squareup/okio/okio-jvm/3.0.0/okio-jvm-3.0.0.jar:/home/namir/.m2/repository/org/jetbrains/kotlin/kotlin-stdlib-jdk8/1.5.31/kotlin-stdlib-jdk8-1.5.31.jar:/home/namir/.m2/repository/org/jetbrains/kotlin/kotlin-stdlib-jdk7/1.5.31/kotlin-stdlib-jdk7-1.5.31.jar:/home/namir/.m2/repository/org/jetbrains/kotlin/kotlin-stdlib-common/1.5.31/kotlin-stdlib-common-1.5.31.jar:/home/namir/.m2/repository/org/jetbrains/kotlin/kotlin-stdlib/1.6.20/kotlin-stdlib-1.6.20.jar:/home/namir/.m2/repository/org/jboss/jboss-dmr/1.6.1.Final/jboss-dmr-1.6.1.Final.jar:/home/namir/.m2/repository/commons-io/commons-io/2.11.0/commons-io-2.11.0.jar:/home/namir/.m2/repository/commons-lang/commons-lang/2.6/commons-lang-2.6.jar:/home/namir/.m2/repository/org/apache/httpcomponents/httpclient/4.5.14/httpclient-4.5.14.jar:/home/namir/.m2/repository/org/apache/httpcomponents/httpcore/4.4.16/httpcore-4.4.16.jar:/home/namir/.m2/repository/commons-logging/commons-logging/1.2/commons-logging-1.2.jar:/home/namir/.m2/repository/commons-codec/commons-codec/1.11/commons-codec-1.11.jar:/home/namir/.m2/repository/org/projectlombok/lombok/1.18.26/lombok-1.18.26.jar:/home/namir/.m2/repository/org/slf4j/slf4j-api/2.0.5/slf4j-api-2.0.5.jar:/home/namir/.m2/repository/org/slf4j/slf4j-reload4j/2.0.5/slf4j-reload4j-2.0.5.jar:/home/namir/.m2/repository/ch/qos/reload4j/reload4j/1.2.22/reload4j-1.2.22.jar:/home/namir/.m2/repository/org/junit/jupiter/junit-jupiter/5.9.3/junit-jupiter-5.9.3.jar:/home/namir/.m2/repository/org/junit/jupiter/junit-jupiter-api/5.9.3/junit-jupiter-api-5.9.3.jar:/home/namir/.m2/repository/org/opentest4j/opentest4j/1.2.0/opentest4j-1.2.0.jar:/home/namir/.m2/repository/org/junit/platform/junit-platform-commons/1.9.3/junit-platform-commons-1.9.3.jar:/home/namir/.m2/repository/org/apiguardian/apiguardian-api/1.1.2/apiguardian-api-1.1.2.jar:/home/namir/.m2/repository/org/junit/jupiter/junit-jupiter-params/5.9.3/junit-jupiter-params-5.9.3.jar:/home/namir/.m2/repository/org/junit/jupiter/junit-jupiter-engine/5.9.3/junit-jupiter-engine-5.9.3.jar:/home/namir/.m2/repository/org/junit/platform/junit-platform-engine/1.9.3/junit-platform-engine-1.9.3.jar:/home/namir/.m2/repository/org/testcontainers/testcontainers/1.18.3/testcontainers-1.18.3.jar:/home/namir/.m2/repository/junit/junit/4.13.2/junit-4.13.2.jar:/home/namir/.m2/repository/org/hamcrest/hamcrest-core/1.3/hamcrest-core-1.3.jar:/home/namir/.m2/repository/org/apache/commons/commons-compress/1.23.0/commons-compress-1.23.0.jar:/home/namir/.m2/repository/org/rnorth/duct-tape/duct-tape/1.0.8/duct-tape-1.0.8.jar:/home/namir/.m2/repository/com/github/docker-java/docker-java-api/3.3.0/docker-java-api-3.3.0.jar:/home/namir/.m2/repository/com/github/docker-java/docker-java-transport-zerodep/3.3.0/docker-java-transport-zerodep-3.3.0.jar:/home/namir/.m2/repository/com/github/docker-java/docker-java-transport/3.3.0/docker-java-transport-3.3.0.jar:/home/namir/.m2/repository/net/java/dev/jna/jna/5.12.1/jna-5.12.1.jar:/home/namir/.m2/repository/org/testcontainers/junit-jupiter/1.17.6/junit-jupiter-1.17.6.jar:/home/namir/.m2/repository/com/github/dasniko/testcontainers-keycloak/2.5.0/testcontainers-keycloak-2.5.0.jar:/home/namir/.m2/repository/io/quarkus/quarkus-junit4-mock/2.13.7.Final/quarkus-junit4-mock-2.13.7.Final.jar:/home/namir/.m2/repository/org/jboss/shrinkwrap/shrinkwrap-api/1.2.6/shrinkwrap-api-1.2.6.jar:/home/namir/.m2/repository/org/jboss/shrinkwrap/shrinkwrap-impl-base/1.2.6/shrinkwrap-impl-base-1.2.6.jar:/home/namir/.m2/repository/org/jboss/shrinkwrap/shrinkwrap-spi/1.2.6/shrinkwrap-spi-1.2.6.jar:/home/namir/.m2/repository/org/keycloak/keycloak-admin-client/21.0.0/keycloak-admin-client-21.0.0.jar:/home/namir/.m2/repository/org/jboss/resteasy/resteasy-client/4.7.7.Final/resteasy-client-4.7.7.Final.jar:/home/namir/.m2/repository/org/jboss/resteasy/resteasy-client-api/4.7.7.Final/resteasy-client-api-4.7.7.Final.jar:/home/namir/.m2/repository/org/jboss/resteasy/resteasy-core-spi/4.7.7.Final/resteasy-core-spi-4.7.7.Final.jar:/home/namir/.m2/repository/org/jboss/spec/javax/annotation/jboss-annotations-api_1.3_spec/2.0.1.Final/jboss-annotations-api_1.3_spec-2.0.1.Final.jar:/home/namir/.m2/repository/jakarta/validation/jakarta.validation-api/2.0.2/jakarta.validation-api-2.0.2.jar:/home/namir/.m2/repository/org/jboss/resteasy/resteasy-core/4.7.7.Final/resteasy-core-4.7.7.Final.jar:/home/namir/.m2/repository/jakarta/activation/jakarta.activation-api/1.2.1/jakarta.activation-api-1.2.1.jar:/home/namir/.m2/repository/com/ibm/async/asyncutil/0.1.0/asyncutil-0.1.0.jar:/home/namir/.m2/repository/io/smallrye/config/smallrye-config/2.3.0/smallrye-config-2.3.0.jar:/home/namir/.m2/repository/io/smallrye/config/smallrye-config-core/2.3.0/smallrye-config-core-2.3.0.jar:/home/namir/.m2/repository/org/eclipse/microprofile/config/microprofile-config-api/2.0/microprofile-config-api-2.0.jar:/home/namir/.m2/repository/io/smallrye/common/smallrye-common-annotation/1.6.0/smallrye-common-annotation-1.6.0.jar:/home/namir/.m2/repository/io/smallrye/common/smallrye-common-expression/1.6.0/smallrye-common-expression-1.6.0.jar:/home/namir/.m2/repository/io/smallrye/common/smallrye-common-function/1.6.0/smallrye-common-function-1.6.0.jar:/home/namir/.m2/repository/io/smallrye/common/smallrye-common-constraint/1.6.0/smallrye-common-constraint-1.6.0.jar:/home/namir/.m2/repository/io/smallrye/common/smallrye-common-classloader/1.6.0/smallrye-common-classloader-1.6.0.jar:/home/namir/.m2/repository/org/ow2/asm/asm/9.1/asm-9.1.jar:/home/namir/.m2/repository/io/smallrye/config/smallrye-config-common/2.3.0/smallrye-config-common-2.3.0.jar:/home/namir/.m2/repository/org/reactivestreams/reactive-streams/1.0.3/reactive-streams-1.0.3.jar:/home/namir/.m2/repository/org/jboss/resteasy/resteasy-multipart-provider/4.7.7.Final/resteasy-multipart-provider-4.7.7.Final.jar:/home/namir/.m2/repository/org/apache/james/apache-mime4j-dom/0.8.3/apache-mime4j-dom-0.8.3.jar:/home/namir/.m2/repository/org/apache/james/apache-mime4j-core/0.8.3/apache-mime4j-core-0.8.3.jar:/home/namir/.m2/repository/org/apache/james/apache-mime4j-storage/0.8.3/apache-mime4j-storage-0.8.3.jar:/home/namir/.m2/repository/org/jboss/resteasy/resteasy-jackson2-provider/4.7.7.Final/resteasy-jackson2-provider-4.7.7.Final.jar:/home/namir/.m2/repository/com/fasterxml/jackson/jaxrs/jackson-jaxrs-json-provider/2.12.6/jackson-jaxrs-json-provider-2.12.6.jar:/home/namir/.m2/repository/com/fasterxml/jackson/jaxrs/jackson-jaxrs-base/2.12.6/jackson-jaxrs-base-2.12.6.jar:/home/namir/.m2/repository/com/fasterxml/jackson/module/jackson-module-jaxb-annotations/2.12.6/jackson-module-jaxb-annotations-2.12.6.jar:/home/namir/.m2/repository/com/github/java-json-tools/json-patch/1.13/json-patch-1.13.jar:/home/namir/.m2/repository/com/github/java-json-tools/msg-simple/1.2/msg-simple-1.2.jar:/home/namir/.m2/repository/com/github/java-json-tools/btf/1.3/btf-1.3.jar:/home/namir/.m2/repository/com/github/java-json-tools/jackson-coreutils/2.0/jackson-coreutils-2.0.jar:/home/namir/.m2/repository/org/jboss/resteasy/resteasy-jaxb-provider/4.7.7.Final/resteasy-jaxb-provider-4.7.7.Final.jar:/home/namir/.m2/repository/org/jboss/spec/javax/xml/bind/jboss-jaxb-api_2.3_spec/2.0.0.Final/jboss-jaxb-api_2.3_spec-2.0.0.Final.jar:/home/namir/.m2/repository/org/glassfish/jaxb/jaxb-runtime/2.3.3-b02/jaxb-runtime-2.3.3-b02.jar:/home/namir/.m2/repository/org/glassfish/jaxb/txw2/2.3.3-b02/txw2-2.3.3-b02.jar:/home/namir/.m2/repository/com/sun/istack/istack-commons-runtime/3.0.10/istack-commons-runtime-3.0.10.jar:/home/namir/.m2/repository/org/testcontainers/postgresql/1.17.6/postgresql-1.17.6.jar:/home/namir/.m2/repository/org/testcontainers/jdbc/1.17.6/jdbc-1.17.6.jar:/home/namir/.m2/repository/org/testcontainers/database-commons/1.17.6/database-commons-1.17.6.jar:/home/namir/.m2/repository/io/rest-assured/rest-assured/5.3.0/rest-assured-5.3.0.jar:/home/namir/.m2/repository/org/apache/groovy/groovy/4.0.6/groovy-4.0.6.jar:/home/namir/.m2/repository/org/apache/groovy/groovy-xml/4.0.6/groovy-xml-4.0.6.jar:/home/namir/.m2/repository/org/apache/httpcomponents/httpmime/4.5.13/httpmime-4.5.13.jar:/home/namir/.m2/repository/org/hamcrest/hamcrest/2.1/hamcrest-2.1.jar:/home/namir/.m2/repository/org/ccil/cowan/tagsoup/tagsoup/1.2.1/tagsoup-1.2.1.jar:/home/namir/.m2/repository/io/rest-assured/json-path/5.3.0/json-path-5.3.0.jar:/home/namir/.m2/repository/org/apache/groovy/groovy-json/4.0.6/groovy-json-4.0.6.jar:/home/namir/.m2/repository/io/rest-assured/rest-assured-common/5.3.0/rest-assured-common-5.3.0.jar:/home/namir/.m2/repository/io/rest-assured/xml-path/5.3.0/xml-path-5.3.0.jar:/home/namir/.m2/repository/org/apache/commons/commons-lang3/3.11/commons-lang3-3.11.jar:"/>
    <property name="java.vm.vendor" value="Ubuntu"/>
    <property name="sun.arch.data.model" value="64"/>
    <property name="java.vendor.url" value="https://ubuntu.com/"/>
    <property name="user.timezone" value="Asia/Beirut"/>
    <property name="java.vm.specification.version" value="11"/>
    <property name="os.name" value="Linux"/>
    <property name="sun.java.launcher" value="SUN_STANDARD"/>
    <property name="user.country" value="US"/>
    <property name="sun.boot.library.path" value="/usr/lib/jvm/java-11-openjdk-amd64/lib"/>
    <property name="sun.java.command" value="/home/namir/Projects/aatariak/keycloak/user-provider-api/target/surefire/surefirebooter-20230803165623197_3.jar /home/namir/Projects/aatariak/keycloak/user-provider-api/target/surefire 2023-08-03T16-56-22_388-jvmRun1 surefire-20230803165623197_1tmp surefire_0-20230803165623197_2tmp"/>
    <property name="jdk.debug" value="release"/>
    <property name="surefire.test.class.path" value="/home/namir/Projects/aatariak/keycloak/user-provider-api/target/test-classes:/home/namir/Projects/aatariak/keycloak/user-provider-api/target/com.namir-aatariak-user-provider-api.jar:/home/namir/.m2/repository/org/keycloak/keycloak-core/21.1.2/keycloak-core-21.1.2.jar:/home/namir/.m2/repository/org/keycloak/keycloak-common/21.1.2/keycloak-common-21.1.2.jar:/home/namir/.m2/repository/com/sun/activation/jakarta.activation/1.2.2/jakarta.activation-1.2.2.jar:/home/namir/.m2/repository/com/fasterxml/jackson/core/jackson-core/2.13.4/jackson-core-2.13.4.jar:/home/namir/.m2/repository/com/fasterxml/jackson/core/jackson-databind/2.13.4.2/jackson-databind-2.13.4.2.jar:/home/namir/.m2/repository/org/keycloak/keycloak-server-spi/21.0.1/keycloak-server-spi-21.0.1.jar:/home/namir/.m2/repository/org/keycloak/keycloak-server-spi-private/21.0.1/keycloak-server-spi-private-21.0.1.jar:/home/namir/.m2/repository/org/keycloak/keycloak-services/21.1.1/keycloak-services-21.1.1.jar:/home/namir/.m2/repository/com/sun/mail/jakarta.mail/1.6.5/jakarta.mail-1.6.5.jar:/home/namir/.m2/repository/org/twitter4j/twitter4j-core/4.1.2/twitter4j-core-4.1.2.jar:/home/namir/.m2/repository/org/jetbrains/annotations/23.0.0/annotations-23.0.0.jar:/home/namir/.m2/repository/org/jboss/logging/jboss-logging/3.4.1.Final/jboss-logging-3.4.1.Final.jar:/home/namir/.m2/repository/org/jboss/spec/javax/ws/rs/jboss-jaxrs-api_2.1_spec/2.0.1.Final/jboss-jaxrs-api_2.1_spec-2.0.1.Final.jar:/home/namir/.m2/repository/org/jboss/spec/javax/transaction/jboss-transaction-api_1.3_spec/2.0.0.Final/jboss-transaction-api_1.3_spec-2.0.0.Final.jar:/home/namir/.m2/repository/com/googlecode/owasp-java-html-sanitizer/owasp-java-html-sanitizer/20211018.2/owasp-java-html-sanitizer-20211018.2.jar:/home/namir/.m2/repository/com/google/guava/guava/30.1-jre/guava-30.1-jre.jar:/home/namir/.m2/repository/com/google/guava/failureaccess/1.0.1/failureaccess-1.0.1.jar:/home/namir/.m2/repository/com/google/guava/listenablefuture/9999.0-empty-to-avoid-conflict-with-guava/listenablefuture-9999.0-empty-to-avoid-conflict-with-guava.jar:/home/namir/.m2/repository/com/google/code/findbugs/jsr305/3.0.2/jsr305-3.0.2.jar:/home/namir/.m2/repository/com/google/errorprone/error_prone_annotations/2.3.4/error_prone_annotations-2.3.4.jar:/home/namir/.m2/repository/com/google/j2objc/j2objc-annotations/1.3/j2objc-annotations-1.3.jar:/home/namir/.m2/repository/com/fasterxml/jackson/core/jackson-annotations/2.13.4/jackson-annotations-2.13.4.jar:/home/namir/.m2/repository/com/fasterxml/jackson/datatype/jackson-datatype-jdk8/2.13.4/jackson-datatype-jdk8-2.13.4.jar:/home/namir/.m2/repository/com/google/zxing/javase/3.4.0/javase-3.4.0.jar:/home/namir/.m2/repository/com/google/zxing/core/3.4.0/core-3.4.0.jar:/home/namir/.m2/repository/com/github/jai-imageio/jai-imageio-core/1.4.0/jai-imageio-core-1.4.0.jar:/home/namir/.m2/repository/com/webauthn4j/webauthn4j-core/0.21.0.RELEASE/webauthn4j-core-0.21.0.RELEASE.jar:/home/namir/.m2/repository/com/webauthn4j/webauthn4j-util/0.21.0.RELEASE/webauthn4j-util-0.21.0.RELEASE.jar:/home/namir/.m2/repository/org/apache/kerby/kerby-asn1/2.0.3/kerby-asn1-2.0.3.jar:/home/namir/.m2/repository/com/fasterxml/jackson/dataformat/jackson-dataformat-cbor/2.14.2/jackson-dataformat-cbor-2.14.2.jar:/home/namir/.m2/repository/org/checkerframework/checker-qual/3.31.0/checker-qual-3.31.0.jar:/home/namir/.m2/repository/com/github/ua-parser/uap-java/1.5.4/uap-java-1.5.4.jar:/home/namir/.m2/repository/org/yaml/snakeyaml/1.33/snakeyaml-1.33.jar:/home/namir/.m2/repository/org/apache/commons/commons-collections4/4.4/commons-collections4-4.4.jar:/home/namir/.m2/repository/org/keycloak/keycloak-model-legacy/21.0.1/keycloak-model-legacy-21.0.1.jar:/home/namir/.m2/repository/com/openshift/openshift-restclient-java/9.0.5.Final/openshift-restclient-java-9.0.5.Final.jar:/home/namir/.m2/repository/com/squareup/okhttp3/okhttp/4.10.0/okhttp-4.10.0.jar:/home/namir/.m2/repository/com/squareup/okio/okio-jvm/3.0.0/okio-jvm-3.0.0.jar:/home/namir/.m2/repository/org/jetbrains/kotlin/kotlin-stdlib-jdk8/1.5.31/kotlin-stdlib-jdk8-1.5.31.jar:/home/namir/.m2/repository/org/jetbrains/kotlin/kotlin-stdlib-jdk7/1.5.31/kotlin-stdlib-jdk7-1.5.31.jar:/home/namir/.m2/repository/org/jetbrains/kotlin/kotlin-stdlib-common/1.5.31/kotlin-stdlib-common-1.5.31.jar:/home/namir/.m2/repository/org/jetbrains/kotlin/kotlin-stdlib/1.6.20/kotlin-stdlib-1.6.20.jar:/home/namir/.m2/repository/org/jboss/jboss-dmr/1.6.1.Final/jboss-dmr-1.6.1.Final.jar:/home/namir/.m2/repository/commons-io/commons-io/2.11.0/commons-io-2.11.0.jar:/home/namir/.m2/repository/commons-lang/commons-lang/2.6/commons-lang-2.6.jar:/home/namir/.m2/repository/org/apache/httpcomponents/httpclient/4.5.14/httpclient-4.5.14.jar:/home/namir/.m2/repository/org/apache/httpcomponents/httpcore/4.4.16/httpcore-4.4.16.jar:/home/namir/.m2/repository/commons-logging/commons-logging/1.2/commons-logging-1.2.jar:/home/namir/.m2/repository/commons-codec/commons-codec/1.11/commons-codec-1.11.jar:/home/namir/.m2/repository/org/projectlombok/lombok/1.18.26/lombok-1.18.26.jar:/home/namir/.m2/repository/org/slf4j/slf4j-api/2.0.5/slf4j-api-2.0.5.jar:/home/namir/.m2/repository/org/slf4j/slf4j-reload4j/2.0.5/slf4j-reload4j-2.0.5.jar:/home/namir/.m2/repository/ch/qos/reload4j/reload4j/1.2.22/reload4j-1.2.22.jar:/home/namir/.m2/repository/org/junit/jupiter/junit-jupiter/5.9.3/junit-jupiter-5.9.3.jar:/home/namir/.m2/repository/org/junit/jupiter/junit-jupiter-api/5.9.3/junit-jupiter-api-5.9.3.jar:/home/namir/.m2/repository/org/opentest4j/opentest4j/1.2.0/opentest4j-1.2.0.jar:/home/namir/.m2/repository/org/junit/platform/junit-platform-commons/1.9.3/junit-platform-commons-1.9.3.jar:/home/namir/.m2/repository/org/apiguardian/apiguardian-api/1.1.2/apiguardian-api-1.1.2.jar:/home/namir/.m2/repository/org/junit/jupiter/junit-jupiter-params/5.9.3/junit-jupiter-params-5.9.3.jar:/home/namir/.m2/repository/org/junit/jupiter/junit-jupiter-engine/5.9.3/junit-jupiter-engine-5.9.3.jar:/home/namir/.m2/repository/org/junit/platform/junit-platform-engine/1.9.3/junit-platform-engine-1.9.3.jar:/home/namir/.m2/repository/org/testcontainers/testcontainers/1.18.3/testcontainers-1.18.3.jar:/home/namir/.m2/repository/junit/junit/4.13.2/junit-4.13.2.jar:/home/namir/.m2/repository/org/hamcrest/hamcrest-core/1.3/hamcrest-core-1.3.jar:/home/namir/.m2/repository/org/apache/commons/commons-compress/1.23.0/commons-compress-1.23.0.jar:/home/namir/.m2/repository/org/rnorth/duct-tape/duct-tape/1.0.8/duct-tape-1.0.8.jar:/home/namir/.m2/repository/com/github/docker-java/docker-java-api/3.3.0/docker-java-api-3.3.0.jar:/home/namir/.m2/repository/com/github/docker-java/docker-java-transport-zerodep/3.3.0/docker-java-transport-zerodep-3.3.0.jar:/home/namir/.m2/repository/com/github/docker-java/docker-java-transport/3.3.0/docker-java-transport-3.3.0.jar:/home/namir/.m2/repository/net/java/dev/jna/jna/5.12.1/jna-5.12.1.jar:/home/namir/.m2/repository/org/testcontainers/junit-jupiter/1.17.6/junit-jupiter-1.17.6.jar:/home/namir/.m2/repository/com/github/dasniko/testcontainers-keycloak/2.5.0/testcontainers-keycloak-2.5.0.jar:/home/namir/.m2/repository/io/quarkus/quarkus-junit4-mock/2.13.7.Final/quarkus-junit4-mock-2.13.7.Final.jar:/home/namir/.m2/repository/org/jboss/shrinkwrap/shrinkwrap-api/1.2.6/shrinkwrap-api-1.2.6.jar:/home/namir/.m2/repository/org/jboss/shrinkwrap/shrinkwrap-impl-base/1.2.6/shrinkwrap-impl-base-1.2.6.jar:/home/namir/.m2/repository/org/jboss/shrinkwrap/shrinkwrap-spi/1.2.6/shrinkwrap-spi-1.2.6.jar:/home/namir/.m2/repository/org/keycloak/keycloak-admin-client/21.0.0/keycloak-admin-client-21.0.0.jar:/home/namir/.m2/repository/org/jboss/resteasy/resteasy-client/4.7.7.Final/resteasy-client-4.7.7.Final.jar:/home/namir/.m2/repository/org/jboss/resteasy/resteasy-client-api/4.7.7.Final/resteasy-client-api-4.7.7.Final.jar:/home/namir/.m2/repository/org/jboss/resteasy/resteasy-core-spi/4.7.7.Final/resteasy-core-spi-4.7.7.Final.jar:/home/namir/.m2/repository/org/jboss/spec/javax/annotation/jboss-annotations-api_1.3_spec/2.0.1.Final/jboss-annotations-api_1.3_spec-2.0.1.Final.jar:/home/namir/.m2/repository/jakarta/validation/jakarta.validation-api/2.0.2/jakarta.validation-api-2.0.2.jar:/home/namir/.m2/repository/org/jboss/resteasy/resteasy-core/4.7.7.Final/resteasy-core-4.7.7.Final.jar:/home/namir/.m2/repository/jakarta/activation/jakarta.activation-api/1.2.1/jakarta.activation-api-1.2.1.jar:/home/namir/.m2/repository/com/ibm/async/asyncutil/0.1.0/asyncutil-0.1.0.jar:/home/namir/.m2/repository/io/smallrye/config/smallrye-config/2.3.0/smallrye-config-2.3.0.jar:/home/namir/.m2/repository/io/smallrye/config/smallrye-config-core/2.3.0/smallrye-config-core-2.3.0.jar:/home/namir/.m2/repository/org/eclipse/microprofile/config/microprofile-config-api/2.0/microprofile-config-api-2.0.jar:/home/namir/.m2/repository/io/smallrye/common/smallrye-common-annotation/1.6.0/smallrye-common-annotation-1.6.0.jar:/home/namir/.m2/repository/io/smallrye/common/smallrye-common-expression/1.6.0/smallrye-common-expression-1.6.0.jar:/home/namir/.m2/repository/io/smallrye/common/smallrye-common-function/1.6.0/smallrye-common-function-1.6.0.jar:/home/namir/.m2/repository/io/smallrye/common/smallrye-common-constraint/1.6.0/smallrye-common-constraint-1.6.0.jar:/home/namir/.m2/repository/io/smallrye/common/smallrye-common-classloader/1.6.0/smallrye-common-classloader-1.6.0.jar:/home/namir/.m2/repository/org/ow2/asm/asm/9.1/asm-9.1.jar:/home/namir/.m2/repository/io/smallrye/config/smallrye-config-common/2.3.0/smallrye-config-common-2.3.0.jar:/home/namir/.m2/repository/org/reactivestreams/reactive-streams/1.0.3/reactive-streams-1.0.3.jar:/home/namir/.m2/repository/org/jboss/resteasy/resteasy-multipart-provider/4.7.7.Final/resteasy-multipart-provider-4.7.7.Final.jar:/home/namir/.m2/repository/org/apache/james/apache-mime4j-dom/0.8.3/apache-mime4j-dom-0.8.3.jar:/home/namir/.m2/repository/org/apache/james/apache-mime4j-core/0.8.3/apache-mime4j-core-0.8.3.jar:/home/namir/.m2/repository/org/apache/james/apache-mime4j-storage/0.8.3/apache-mime4j-storage-0.8.3.jar:/home/namir/.m2/repository/org/jboss/resteasy/resteasy-jackson2-provider/4.7.7.Final/resteasy-jackson2-provider-4.7.7.Final.jar:/home/namir/.m2/repository/com/fasterxml/jackson/jaxrs/jackson-jaxrs-json-provider/2.12.6/jackson-jaxrs-json-provider-2.12.6.jar:/home/namir/.m2/repository/com/fasterxml/jackson/jaxrs/jackson-jaxrs-base/2.12.6/jackson-jaxrs-base-2.12.6.jar:/home/namir/.m2/repository/com/fasterxml/jackson/module/jackson-module-jaxb-annotations/2.12.6/jackson-module-jaxb-annotations-2.12.6.jar:/home/namir/.m2/repository/com/github/java-json-tools/json-patch/1.13/json-patch-1.13.jar:/home/namir/.m2/repository/com/github/java-json-tools/msg-simple/1.2/msg-simple-1.2.jar:/home/namir/.m2/repository/com/github/java-json-tools/btf/1.3/btf-1.3.jar:/home/namir/.m2/repository/com/github/java-json-tools/jackson-coreutils/2.0/jackson-coreutils-2.0.jar:/home/namir/.m2/repository/org/jboss/resteasy/resteasy-jaxb-provider/4.7.7.Final/resteasy-jaxb-provider-4.7.7.Final.jar:/home/namir/.m2/repository/org/jboss/spec/javax/xml/bind/jboss-jaxb-api_2.3_spec/2.0.0.Final/jboss-jaxb-api_2.3_spec-2.0.0.Final.jar:/home/namir/.m2/repository/org/glassfish/jaxb/jaxb-runtime/2.3.3-b02/jaxb-runtime-2.3.3-b02.jar:/home/namir/.m2/repository/org/glassfish/jaxb/txw2/2.3.3-b02/txw2-2.3.3-b02.jar:/home/namir/.m2/repository/com/sun/istack/istack-commons-runtime/3.0.10/istack-commons-runtime-3.0.10.jar:/home/namir/.m2/repository/org/testcontainers/postgresql/1.17.6/postgresql-1.17.6.jar:/home/namir/.m2/repository/org/testcontainers/jdbc/1.17.6/jdbc-1.17.6.jar:/home/namir/.m2/repository/org/testcontainers/database-commons/1.17.6/database-commons-1.17.6.jar:/home/namir/.m2/repository/io/rest-assured/rest-assured/5.3.0/rest-assured-5.3.0.jar:/home/namir/.m2/repository/org/apache/groovy/groovy/4.0.6/groovy-4.0.6.jar:/home/namir/.m2/repository/org/apache/groovy/groovy-xml/4.0.6/groovy-xml-4.0.6.jar:/home/namir/.m2/repository/org/apache/httpcomponents/httpmime/4.5.13/httpmime-4.5.13.jar:/home/namir/.m2/repository/org/hamcrest/hamcrest/2.1/hamcrest-2.1.jar:/home/namir/.m2/repository/org/ccil/cowan/tagsoup/tagsoup/1.2.1/tagsoup-1.2.1.jar:/home/namir/.m2/repository/io/rest-assured/json-path/5.3.0/json-path-5.3.0.jar:/home/namir/.m2/repository/org/apache/groovy/groovy-json/4.0.6/groovy-json-4.0.6.jar:/home/namir/.m2/repository/io/rest-assured/rest-assured-common/5.3.0/rest-assured-common-5.3.0.jar:/home/namir/.m2/repository/io/rest-assured/xml-path/5.3.0/xml-path-5.3.0.jar:/home/namir/.m2/repository/org/apache/commons/commons-lang3/3.11/commons-lang3-3.11.jar:"/>
    <property name="sun.cpu.endian" value="little"/>
    <property name="user.home" value="/home/namir"/>
    <property name="user.language" value="en"/>
    <property name="java.specification.vendor" value="Oracle Corporation"/>
    <property name="java.version.date" value="2023-04-18"/>
    <property name="java.home" value="/usr/lib/jvm/java-11-openjdk-amd64"/>
    <property name="file.separator" value="/"/>
    <property name="basedir" value="/home/namir/Projects/aatariak/keycloak/user-provider-api"/>
    <property name="java.vm.compressedOopsMode" value="Zero based"/>
    <property name="line.separator" value="&#10;"/>
    <property name="java.specification.name" value="Java Platform API Specification"/>
    <property name="java.vm.specification.vendor" value="Oracle Corporation"/>
    <property name="java.awt.graphicsenv" value="sun.awt.X11GraphicsEnvironment"/>
    <property name="surefire.real.class.path" value="/home/namir/Projects/aatariak/keycloak/user-provider-api/target/surefire/surefirebooter-20230803165623197_3.jar"/>
    <property name="sun.management.compiler" value="HotSpot 64-Bit Tiered Compilers"/>
    <property name="java.runtime.version" value="11.0.19+7-post-Ubuntu-0ubuntu120.04.1"/>
    <property name="user.name" value="namir"/>
    <property name="path.separator" value=":"/>
    <property name="os.version" value="5.15.0-76-generic"/>
    <property name="java.runtime.name" value="OpenJDK Runtime Environment"/>
    <property name="file.encoding" value="UTF-8"/>
    <property name="jnidispatch.path" value="/home/namir/.cache/JNA/temp/jna4204026684882560697.tmp"/>
    <property name="java.vm.name" value="OpenJDK 64-Bit Server VM"/>
    <property name="jna.platform.library.path" value="/usr/lib/x86_64-linux-gnu:/lib/x86_64-linux-gnu:/usr/lib64:/lib64:/usr/lib:/lib:/lib/i386-linux-gnu:/usr/lib/x86_64-linux-gnu/libfakeroot"/>
    <property name="localRepository" value="/home/namir/.m2/repository"/>
    <property name="jna.loaded" value="true"/>
    <property name="java.vendor.url.bug" value="https://bugs.launchpad.net/ubuntu/+source/openjdk-lts"/>
    <property name="java.io.tmpdir" value="/tmp"/>
    <property name="idea.version" value="2022.2"/>
    <property name="java.version" value="11.0.19"/>
    <property name="user.dir" value="/home/namir/Projects/aatariak/keycloak/user-provider-api"/>
    <property name="os.arch" value="amd64"/>
    <property name="java.vm.specification.name" value="Java Virtual Machine Specification"/>
    <property name="java.awt.printerjob" value="sun.print.PSPrinterJob"/>
    <property name="sun.os.patch.level" value="unknown"/>
    <property name="java.library.path" value="/usr/java/packages/lib:/usr/lib/x86_64-linux-gnu/jni:/lib/x86_64-linux-gnu:/usr/lib/x86_64-linux-gnu:/usr/lib/jni:/lib:/usr/lib"/>
    <property name="java.vm.info" value="mixed mode, sharing"/>
    <property name="java.vendor" value="Ubuntu"/>
    <property name="java.vm.version" value="11.0.19+7-post-Ubuntu-0ubuntu120.04.1"/>
    <property name="sun.io.unicode.encoding" value="UnicodeLittle"/>
    <property name="java.class.version" value="55.0"/>
  </properties>
  <testcase name="testAccessingUsersAsAdmin" classname="com.namir.aatariak.keycloak.provider.api.user.AatariakUserProviderIT" time="1.709">
    <system-out><![CDATA[0    [main] INFO  org.testcontainers.utility.ImageNameSubstitutor  - Image name substitution will be performed by: DefaultImageNameSubstitutor (composite of 'ConfigurationFileImageNameSubstitutor' and 'PrefixingImageNameSubstitutor')
238  [main] INFO  org.testcontainers.dockerclient.DockerClientProviderStrategy  - Loaded org.testcontainers.dockerclient.UnixSocketClientProviderStrategy from ~/.testcontainers.properties, will try it first
543  [main] INFO  org.testcontainers.dockerclient.DockerClientProviderStrategy  - Found Docker environment with local Unix socket (unix:///var/run/docker.sock)
544  [main] INFO  org.testcontainers.DockerClientFactory  - Docker host IP address is localhost
560  [main] INFO  org.testcontainers.DockerClientFactory  - Connected to docker: 
  Server Version: 24.0.5
  API Version: 1.43
  Operating System: Ubuntu 20.04.6 LTS
  Total Memory: 15866 MB
765  [main] INFO  tc.testcontainers/ryuk:0.5.1  - Creating container for image: testcontainers/ryuk:0.5.1
918  [main] INFO  tc.testcontainers/ryuk:0.5.1  - Container testcontainers/ryuk:0.5.1 is starting: 647dea86c691d204b9014ade0cae4ff8fa23aacad217cac1c9d5786927f4ef39
1396 [main] INFO  tc.testcontainers/ryuk:0.5.1  - Container testcontainers/ryuk:0.5.1 started in PT0.829499S
1401 [main] INFO  org.testcontainers.utility.RyukResourceReaper  - Ryuk started - will monitor and terminate Testcontainers containers on JVM exit
1402 [main] INFO  org.testcontainers.DockerClientFactory  - Checking the system...
1402 [main] INFO  org.testcontainers.DockerClientFactory  - ✔︎ Docker server version should be at least 1.6.0
1407 [testcontainers-lifecycle-0] INFO  tc.postgres:11.1  - Creating container for image: postgres:11.1
1547 [testcontainers-lifecycle-0] INFO  tc.postgres:11.1  - Container postgres:11.1 is starting: 920947c511aae8ef431762ece36909898a0d0334a9275b16f582eb398e319137
3267 [testcontainers-lifecycle-0] INFO  tc.postgres:11.1  - Container postgres:11.1 started in PT1.86092S
3268 [testcontainers-lifecycle-1] INFO  tc.023231733398.dkr.ecr.eu-north-1.amazonaws.com/aatariak-migrations:master  - Creating container for image: 023231733398.dkr.ecr.eu-north-1.amazonaws.com/aatariak-migrations:master
3345 [testcontainers-lifecycle-1] INFO  tc.023231733398.dkr.ecr.eu-north-1.amazonaws.com/aatariak-migrations:master  - Container 023231733398.dkr.ecr.eu-north-1.amazonaws.com/aatariak-migrations:master is starting: 24dc194b3299baa71286eda7be21b2e0903d7927cdd8c0c5b375931ec46be798
4745 [docker-java-stream--1905950435] INFO  com.namir.aatariak.keycloak.provider.api.user.AatariakUserProviderIT  - STDOUT: Flyway Community Edition 9.21.1 by Redgate
4745 [docker-java-stream--1905950435] INFO  com.namir.aatariak.keycloak.provider.api.user.AatariakUserProviderIT  - STDOUT: See release notes here: https://rd.gt/416ObMi
4745 [docker-java-stream--1905950435] INFO  com.namir.aatariak.keycloak.provider.api.user.AatariakUserProviderIT  - STDOUT: 
4758 [docker-java-stream--1905950435] INFO  com.namir.aatariak.keycloak.provider.api.user.AatariakUserProviderIT  - STDOUT: Database: jdbc:postgresql://my-db:5432/integration-tests-db (PostgreSQL 11.1)
4782 [docker-java-stream--1905950435] INFO  com.namir.aatariak.keycloak.provider.api.user.AatariakUserProviderIT  - STDOUT: Schema history table "public"."flyway_schema_history" does not exist yet
4785 [docker-java-stream--1905950435] INFO  com.namir.aatariak.keycloak.provider.api.user.AatariakUserProviderIT  - STDOUT: Successfully validated 2 migrations (execution time 00:00.013s)
4796 [docker-java-stream--1905950435] INFO  com.namir.aatariak.keycloak.provider.api.user.AatariakUserProviderIT  - STDOUT: Creating Schema History table "public"."flyway_schema_history" ...
4822 [docker-java-stream--1905950435] INFO  com.namir.aatariak.keycloak.provider.api.user.AatariakUserProviderIT  - STDOUT: Current version of schema "public": << Empty Schema >>
4829 [docker-java-stream--1905950435] INFO  com.namir.aatariak.keycloak.provider.api.user.AatariakUserProviderIT  - STDOUT: Migrating schema "public" to version "1 - Create users table"
4854 [docker-java-stream--1905950435] INFO  com.namir.aatariak.keycloak.provider.api.user.AatariakUserProviderIT  - STDOUT: Migrating schema "public" to version "2 - Create roles table"
4863 [docker-java-stream--1905950435] INFO  com.namir.aatariak.keycloak.provider.api.user.AatariakUserProviderIT  - STDOUT: Successfully applied 2 migrations to schema "public", now at version v2 (execution time 00:00.017s)
4923 [docker-java-stream--1905950435] INFO  com.namir.aatariak.keycloak.provider.api.user.AatariakUserProviderIT  - STDOUT: A Flyway report has been generated here: /flyway/report.html
4924 [testcontainers-lifecycle-1] INFO  tc.023231733398.dkr.ecr.eu-north-1.amazonaws.com/aatariak-migrations:master  - Container 023231733398.dkr.ecr.eu-north-1.amazonaws.com/aatariak-migrations:master started in PT1.655981S
4925 [main] INFO  tc.023231733398.dkr.ecr.eu-north-1.amazonaws.com/aatariak-rest:main  - Creating container for image: 023231733398.dkr.ecr.eu-north-1.amazonaws.com/aatariak-rest:main
4974 [main] INFO  tc.023231733398.dkr.ecr.eu-north-1.amazonaws.com/aatariak-rest:main  - Container 023231733398.dkr.ecr.eu-north-1.amazonaws.com/aatariak-rest:main is starting: d77fc9d4e634c644cad5e370104fb38756b0f474d82c8476e54ff41f8da76218
6242 [docker-java-stream-767930687] INFO  com.namir.aatariak.keycloak.provider.api.user.AatariakUserProviderIT  - STDOUT: 
6243 [docker-java-stream-767930687] INFO  com.namir.aatariak.keycloak.provider.api.user.AatariakUserProviderIT  - STDOUT:   .   ____          _            __ _ _
6243 [docker-java-stream-767930687] INFO  com.namir.aatariak.keycloak.provider.api.user.AatariakUserProviderIT  - STDOUT:  /\\ / ___'_ __ _ _(_)_ __  __ _ \ \ \ \
6243 [docker-java-stream-767930687] INFO  com.namir.aatariak.keycloak.provider.api.user.AatariakUserProviderIT  - STDOUT: ( ( )\___ | '_ | '_| | '_ \/ _` | \ \ \ \
6244 [docker-java-stream-767930687] INFO  com.namir.aatariak.keycloak.provider.api.user.AatariakUserProviderIT  - STDOUT:  \\/  ___)| |_)| | | | | || (_| |  ) ) ) )
6244 [docker-java-stream-767930687] INFO  com.namir.aatariak.keycloak.provider.api.user.AatariakUserProviderIT  - STDOUT:   '  |____| .__|_| |_|_| |_\__, | / / / /
6244 [docker-java-stream-767930687] INFO  com.namir.aatariak.keycloak.provider.api.user.AatariakUserProviderIT  - STDOUT:  =========|_|==============|___/=/_/_/_/
6244 [docker-java-stream-767930687] INFO  com.namir.aatariak.keycloak.provider.api.user.AatariakUserProviderIT  - STDOUT:  :: Spring Boot ::                (v3.1.0)
6244 [docker-java-stream-767930687] INFO  com.namir.aatariak.keycloak.provider.api.user.AatariakUserProviderIT  - STDOUT: 
6336 [docker-java-stream-767930687] INFO  com.namir.aatariak.keycloak.provider.api.user.AatariakUserProviderIT  - STDOUT: 2023-08-03T13:56:30.310Z  INFO 1 --- [           main] c.n.a.rest.AatariakRestApiApplication    : Starting AatariakRestApiApplication v0.0.1-SNAPSHOT using Java 17.0.8 with PID 1 (/app/aatariak-rest-0.0.1-SNAPSHOT.jar started by root in /app)
6337 [docker-java-stream-767930687] INFO  com.namir.aatariak.keycloak.provider.api.user.AatariakUserProviderIT  - STDOUT: 2023-08-03T13:56:30.313Z  INFO 1 --- [           main] c.n.a.rest.AatariakRestApiApplication    : The following 1 profile is active: "dev"
7808 [docker-java-stream-767930687] INFO  com.namir.aatariak.keycloak.provider.api.user.AatariakUserProviderIT  - STDOUT: 2023-08-03T13:56:31.784Z  INFO 1 --- [           main] o.s.b.w.embedded.tomcat.TomcatWebServer  : Tomcat initialized with port(s): 8888 (http)
7819 [docker-java-stream-767930687] INFO  com.namir.aatariak.keycloak.provider.api.user.AatariakUserProviderIT  - STDOUT: 2023-08-03T13:56:31.796Z  INFO 1 --- [           main] o.apache.catalina.core.StandardService   : Starting service [Tomcat]
7819 [docker-java-stream-767930687] INFO  com.namir.aatariak.keycloak.provider.api.user.AatariakUserProviderIT  - STDOUT: 2023-08-03T13:56:31.796Z  INFO 1 --- [           main] o.apache.catalina.core.StandardEngine    : Starting Servlet engine: [Apache Tomcat/10.1.8]
7907 [docker-java-stream-767930687] INFO  com.namir.aatariak.keycloak.provider.api.user.AatariakUserProviderIT  - STDOUT: 2023-08-03T13:56:31.884Z  INFO 1 --- [           main] o.a.c.c.C.[Tomcat].[localhost].[/]       : Initializing Spring embedded WebApplicationContext
7909 [docker-java-stream-767930687] INFO  com.namir.aatariak.keycloak.provider.api.user.AatariakUserProviderIT  - STDOUT: 2023-08-03T13:56:31.886Z  INFO 1 --- [           main] w.s.c.ServletWebServerApplicationContext : Root WebApplicationContext: initialization completed in 1505 ms
8178 [docker-java-stream-767930687] INFO  com.namir.aatariak.keycloak.provider.api.user.AatariakUserProviderIT  - STDOUT: New root user was created with username 'namirabboud@gmail.com' and password 'faridmousayouhebalcousa'
8651 [docker-java-stream-767930687] INFO  com.namir.aatariak.keycloak.provider.api.user.AatariakUserProviderIT  - STDOUT: 2023-08-03T13:56:32.627Z  INFO 1 --- [           main] o.s.s.web.DefaultSecurityFilterChain     : Will secure Or [Mvc [pattern='/api/v2/**']] with [org.springframework.security.web.context.request.async.WebAsyncManagerIntegrationFilter@2c4ca0f9, org.springframework.security.web.context.SecurityContextHolderFilter@2a76b80a, org.springframework.security.web.header.HeaderWriterFilter@44a2b17b, org.springframework.web.filter.CorsFilter@366c4480, org.springframework.security.web.authentication.logout.LogoutFilter@5db99216, org.springframework.security.web.servletapi.SecurityContextHolderAwareRequestFilter@2f4854d6, com.namir.aatariak.sec.web.ApiKeyAuthenticationFilter@67ef029, org.springframework.security.web.authentication.AnonymousAuthenticationFilter@7df587ef, org.springframework.security.web.access.ExceptionTranslationFilter@7cc586a8]
8692 [docker-java-stream-767930687] INFO  com.namir.aatariak.keycloak.provider.api.user.AatariakUserProviderIT  - STDOUT: 2023-08-03T13:56:32.668Z  INFO 1 --- [           main] o.s.s.web.DefaultSecurityFilterChain     : Will secure any request with [org.springframework.security.web.session.DisableEncodeUrlFilter@aa22f1c, org.springframework.security.web.context.request.async.WebAsyncManagerIntegrationFilter@55e7a35c, org.springframework.security.web.context.SecurityContextHolderFilter@6815c5f2, org.springframework.security.web.header.HeaderWriterFilter@5f7f2382, org.springframework.security.web.csrf.CsrfFilter@2e185cd7, org.springframework.security.web.authentication.logout.LogoutFilter@3a4b0e5d, org.springframework.security.oauth2.server.resource.web.authentication.BearerTokenAuthenticationFilter@1b9ea3e3, org.springframework.security.web.savedrequest.RequestCacheAwareFilter@60094a13, org.springframework.security.web.servletapi.SecurityContextHolderAwareRequestFilter@5aceec94, org.springframework.security.web.authentication.AnonymousAuthenticationFilter@37cd92d6, org.springframework.security.web.access.ExceptionTranslationFilter@7e1a1da6, org.springframework.security.web.access.intercept.AuthorizationFilter@46ab18da]
8891 [docker-java-stream-767930687] INFO  com.namir.aatariak.keycloak.provider.api.user.AatariakUserProviderIT  - STDOUT: 2023-08-03T13:56:32.868Z  INFO 1 --- [           main] o.s.b.w.embedded.tomcat.TomcatWebServer  : Tomcat started on port(s): 8888 (http) with context path ''
8903 [docker-java-stream-767930687] INFO  com.namir.aatariak.keycloak.provider.api.user.AatariakUserProviderIT  - STDOUT: 2023-08-03T13:56:32.879Z  INFO 1 --- [           main] c.n.a.rest.AatariakRestApiApplication    : Started AatariakRestApiApplication in 3.096 seconds (process running for 3.56)
55239 [main] INFO  tc.023231733398.dkr.ecr.eu-north-1.amazonaws.com/aatariak-rest:main  - Container 023231733398.dkr.ecr.eu-north-1.amazonaws.com/aatariak-rest:main started in PT50.31531S
55290 [main] INFO  tc.quay.io/keycloak/keycloak:21.0  - Creating container for image: quay.io/keycloak/keycloak:21.0
55370 [main] INFO  tc.quay.io/keycloak/keycloak:21.0  - Container quay.io/keycloak/keycloak:21.0 is starting: 0554891581b2bd3feedea03f957a0d076c59b670798db82f06bbd81c57c9d65d
55731 [main] INFO  org.testcontainers.containers.wait.strategy.HttpWaitStrategy  - /compassionate_kowalevski: Waiting for 120 seconds for URL: http://localhost:32992/ (where port 32992 maps to container port 8080)
56235 [docker-java-stream--732551135] INFO  tc.quay.io/keycloak/keycloak:21.0  - STDOUT: Updating the configuration and installing your custom providers, if any. Please wait.
66403 [docker-java-stream--732551135] INFO  tc.quay.io/keycloak/keycloak:21.0  - STDOUT: 2023-08-03 13:57:30,379 INFO  [io.quarkus.deployment.QuarkusAugmentor] (main) Quarkus augmentation completed in 9086ms
69353 [docker-java-stream--732551135] INFO  tc.quay.io/keycloak/keycloak:21.0  - STDOUT: 2023-08-03 13:57:31,983 INFO  [org.keycloak.quarkus.runtime.hostname.DefaultHostnameProvider] (main) Hostname settings: Base URL: <unset>, Hostname: <request>, Strict HTTPS: false, Path: <request>, Strict BackChannel: false, Admin URL: <unset>, Admin: <request>, Port: -1, Proxied: false
69380 [docker-java-stream--732551135] INFO  tc.quay.io/keycloak/keycloak:21.0  - STDOUT: 2023-08-03 13:57:33,291 WARN  [io.quarkus.agroal.runtime.DataSources] (main) Datasource <default> enables XA but transaction recovery is not enabled. Please enable transaction recovery by setting quarkus.transaction-manager.enable-recovery=true, otherwise data may be lost if the application is terminated abruptly
69955 [docker-java-stream--732551135] INFO  tc.quay.io/keycloak/keycloak:21.0  - STDOUT: 2023-08-03 13:57:33,931 INFO  [org.infinispan.SERVER] (keycloak-cache-init) ISPN005054: Native IOUring transport not available, using NIO instead: io.netty.incubator.channel.uring.IOUring
70077 [docker-java-stream--732551135] INFO  tc.quay.io/keycloak/keycloak:21.0  - STDOUT: 2023-08-03 13:57:34,054 WARN  [org.infinispan.CONFIG] (keycloak-cache-init) ISPN000569: Unable to persist Infinispan internal caches as no global state enabled
70102 [docker-java-stream--732551135] INFO  tc.quay.io/keycloak/keycloak:21.0  - STDOUT: 2023-08-03 13:57:34,078 WARN  [org.infinispan.PERSISTENCE] (keycloak-cache-init) ISPN000554: jboss-marshalling is deprecated and planned for removal
70132 [docker-java-stream--732551135] INFO  tc.quay.io/keycloak/keycloak:21.0  - STDOUT: 2023-08-03 13:57:34,108 INFO  [org.infinispan.CONTAINER] (keycloak-cache-init) ISPN000556: Starting user marshaller 'org.infinispan.jboss.marshalling.core.JBossUserMarshaller'
71844 [docker-java-stream--732551135] INFO  tc.quay.io/keycloak/keycloak:21.0  - STDOUT: 2023-08-03 13:57:35,820 INFO  [org.keycloak.quarkus.runtime.storage.legacy.liquibase.QuarkusJpaUpdaterProvider] (main) Initializing database schema. Using changelog META-INF/jpa-changelog-master.xml
73691 [docker-java-stream--732551135] INFO  tc.quay.io/keycloak/keycloak:21.0  - STDOUT: 2023-08-03 13:57:37,667 INFO  [org.keycloak.connections.infinispan.DefaultInfinispanConnectionProviderFactory] (main) Node name: node_989166, Site name: null
73805 [docker-java-stream--732551135] INFO  tc.quay.io/keycloak/keycloak:21.0  - STDOUT: 2023-08-03 13:57:37,781 INFO  [org.keycloak.broker.provider.AbstractIdentityProviderMapper] (main) Registering class org.keycloak.broker.provider.mappersync.ConfigSyncEventListener
73857 [docker-java-stream--732551135] INFO  tc.quay.io/keycloak/keycloak:21.0  - STDOUT: 2023-08-03 13:57:37,834 INFO  [org.keycloak.services] (main) KC-SERVICES0050: Initializing master realm
75498 [docker-java-stream--732551135] INFO  tc.quay.io/keycloak/keycloak:21.0  - STDOUT: 2023-08-03 13:57:39,474 INFO  [org.keycloak.exportimport.dir.DirImportProvider] (main) Importing from directory /opt/keycloak/bin/../data/import
77142 [docker-java-stream--732551135] INFO  tc.quay.io/keycloak/keycloak:21.0  - STDOUT: 2023-08-03 13:57:41,119 INFO  [org.keycloak.exportimport.util.ImportUtils] (main) Realm 'aatariak' imported
77328 [docker-java-stream--732551135] INFO  tc.quay.io/keycloak/keycloak:21.0  - STDOUT: 2023-08-03 13:57:41,304 INFO  [io.quarkus] (main) Keycloak 21.0.2 on JVM (powered by Quarkus 2.13.7.Final) started in 10.763s. Listening on: http://0.0.0.0:8080
77328 [docker-java-stream--732551135] INFO  tc.quay.io/keycloak/keycloak:21.0  - STDOUT: 2023-08-03 13:57:41,304 INFO  [io.quarkus] (main) Profile dev activated. 
77328 [docker-java-stream--732551135] INFO  tc.quay.io/keycloak/keycloak:21.0  - STDOUT: 2023-08-03 13:57:41,304 INFO  [io.quarkus] (main) Installed features: [agroal, cdi, hibernate-orm, jdbc-h2, jdbc-mariadb, jdbc-mssql, jdbc-mysql, jdbc-oracle, jdbc-postgresql, keycloak, logging-gelf, micrometer, narayana-jta, reactive-routes, resteasy, resteasy-jackson, smallrye-context-propagation, smallrye-health, vertx]
77513 [docker-java-stream--732551135] INFO  tc.quay.io/keycloak/keycloak:21.0  - STDOUT: 2023-08-03 13:57:41,490 INFO  [org.keycloak.services] (main) KC-SERVICES0009: Added user 'admin' to realm 'master'
77515 [docker-java-stream--732551135] INFO  tc.quay.io/keycloak/keycloak:21.0  - STDOUT: 2023-08-03 13:57:41,492 WARN  [org.keycloak.quarkus.runtime.KeycloakMain] (main) Running the server in development mode. DO NOT use this configuration in production.
78017 [main] INFO  tc.quay.io/keycloak/keycloak:21.0  - Container quay.io/keycloak/keycloak:21.0 started in PT22.726697S
79236 [docker-java-stream--732551135] INFO  tc.quay.io/keycloak/keycloak:21.0  - STDOUT: 2023-08-03 13:57:43,213 WARN  [org.keycloak.connections.httpclient.DefaultHttpClientFactory] (executor-thread-0) TruststoreProvider is disabled
79366 [docker-java-stream--732551135] INFO  tc.quay.io/keycloak/keycloak:21.0  - STDOUT: 2023-08-03 13:57:43,342 INFO  [com.namir.aatariak.keycloak.provider.api.user.AatariakUserProvider] (executor-thread-0) searchForUserStream, params={keycloak.session.realm.users.query.include_service_account=true, username=namir}, first=0, max=100
79444 [docker-java-stream-767930687] INFO  com.namir.aatariak.keycloak.provider.api.user.AatariakUserProviderIT  - STDOUT: 2023-08-03T13:57:43.420Z  INFO 1 --- [nio-8888-exec-1] o.a.c.c.C.[Tomcat].[localhost].[/]       : Initializing Spring DispatcherServlet 'dispatcherServlet'
79444 [docker-java-stream-767930687] INFO  com.namir.aatariak.keycloak.provider.api.user.AatariakUserProviderIT  - STDOUT: 2023-08-03T13:57:43.420Z  INFO 1 --- [nio-8888-exec-1] o.s.web.servlet.DispatcherServlet        : Initializing Servlet 'dispatcherServlet'
79445 [docker-java-stream-767930687] INFO  com.namir.aatariak.keycloak.provider.api.user.AatariakUserProviderIT  - STDOUT: 2023-08-03T13:57:43.422Z  INFO 1 --- [nio-8888-exec-1] o.s.web.servlet.DispatcherServlet        : Completed initialization in 2 ms
79586 [docker-java-stream--732551135] INFO  tc.quay.io/keycloak/keycloak:21.0  - STDOUT: 2023-08-03 13:57:43,562 INFO  [com.namir.aatariak.keycloak.provider.api.user.AatariakUserProvider] (executor-thread-0) Received 1 users from provider
79593 [docker-java-stream--732551135] INFO  tc.quay.io/keycloak/keycloak:21.0  - STDOUT: 2023-08-03 13:57:43,570 INFO  [com.namir.aatariak.keycloak.provider.api.user.AatariakUserProvider] (executor-thread-0) getUserById: actually getting by email namirabboud@gmail.com
79704 [docker-java-stream--732551135] INFO  tc.quay.io/keycloak/keycloak:21.0  - STDOUT: 2023-08-03 13:57:43,681 INFO  [com.namir.aatariak.keycloak.provider.api.user.AatariakUserProvider] (executor-thread-0) getUserById: actually getting by email namirabboud@gmail.com
79721 [docker-java-stream--732551135] INFO  tc.quay.io/keycloak/keycloak:21.0  - STDOUT: 2023-08-03 13:57:43,698 INFO  [com.namir.aatariak.keycloak.provider.api.user.AatariakUserProvider] (executor-thread-0) getUserById: actually getting by email namirabboud@gmail.com
79721 [docker-java-stream--732551135] INFO  tc.quay.io/keycloak/keycloak:21.0  - STDOUT: 2023-08-03 13:57:43,698 INFO  [com.namir.aatariak.keycloak.provider.api.user.AatariakUserProvider] (executor-thread-0) Found user data for namirabboud@gmail.com in loadedUsers.
79721 [docker-java-stream--732551135] INFO  tc.quay.io/keycloak/keycloak:21.0  - STDOUT: 2023-08-03 13:57:43,698 INFO  [com.namir.aatariak.keycloak.provider.api.user.AatariakUserProvider] (executor-thread-0) getUserById: actually getting by email namirabboud@gmail.com
79721 [docker-java-stream--732551135] INFO  tc.quay.io/keycloak/keycloak:21.0  - STDOUT: 2023-08-03 13:57:43,698 INFO  [com.namir.aatariak.keycloak.provider.api.user.AatariakUserProvider] (executor-thread-0) Found user data for namirabboud@gmail.com in loadedUsers.
]]></system-out>
  </testcase>
  <testcase name="testLoginAsUserAndCheckAccessToken(String)[1]" classname="com.namir.aatariak.keycloak.provider.api.user.AatariakUserProviderIT" time="1.753">
    <system-out><![CDATA[79920 [Finalizer] WARN  org.jboss.resteasy.client.jaxrs.i18n  - RESTEASY004687: Closing a class org.jboss.resteasy.client.jaxrs.engines.ApacheHttpClient43Engine instance for you. Please close clients yourself.
81162 [docker-java-stream--732551135] INFO  tc.quay.io/keycloak/keycloak:21.0  - STDOUT: 2023-08-03 13:57:45,138 INFO  [com.namir.aatariak.keycloak.provider.api.user.AatariakUserProvider] (executor-thread-0) getUserByUsername: namirabboud@gmail.com
81455 [docker-java-stream--732551135] INFO  tc.quay.io/keycloak/keycloak:21.0  - STDOUT: 2023-08-03 13:57:45,432 INFO  [com.namir.aatariak.keycloak.provider.api.user.AatariakUserProvider] (executor-thread-0) getUserById: actually getting by email namirabboud@gmail.com
81456 [docker-java-stream--732551135] INFO  tc.quay.io/keycloak/keycloak:21.0  - STDOUT: 2023-08-03 13:57:45,432 INFO  [com.namir.aatariak.keycloak.provider.api.user.AatariakUserProvider] (executor-thread-0) Found user data for namirabboud@gmail.com in loadedUsers.
81456 [docker-java-stream--732551135] INFO  tc.quay.io/keycloak/keycloak:21.0  - STDOUT: 2023-08-03 13:57:45,433 INFO  [com.namir.aatariak.keycloak.provider.api.user.AatariakUserProvider] (executor-thread-0) getUserById: actually getting by email namirabboud@gmail.com
81456 [docker-java-stream--732551135] INFO  tc.quay.io/keycloak/keycloak:21.0  - STDOUT: 2023-08-03 13:57:45,433 INFO  [com.namir.aatariak.keycloak.provider.api.user.AatariakUserProvider] (executor-thread-0) Found user data for namirabboud@gmail.com in loadedUsers.
81460 [docker-java-stream--732551135] INFO  tc.quay.io/keycloak/keycloak:21.0  - STDOUT: 2023-08-03 13:57:45,437 INFO  [com.namir.aatariak.keycloak.provider.api.user.AatariakUserProvider] (executor-thread-0) getUserById: actually getting by email namirabboud@gmail.com
81461 [docker-java-stream--732551135] INFO  tc.quay.io/keycloak/keycloak:21.0  - STDOUT: 2023-08-03 13:57:45,437 INFO  [com.namir.aatariak.keycloak.provider.api.user.AatariakUserProvider] (executor-thread-0) Found user data for namirabboud@gmail.com in loadedUsers.
81463 [docker-java-stream--732551135] INFO  tc.quay.io/keycloak/keycloak:21.0  - STDOUT: 2023-08-03 13:57:45,440 INFO  [com.namir.aatariak.keycloak.provider.api.user.AatariakUserProvider] (executor-thread-0) getUserById: actually getting by email namirabboud@gmail.com
81463 [docker-java-stream--732551135] INFO  tc.quay.io/keycloak/keycloak:21.0  - STDOUT: 2023-08-03 13:57:45,440 INFO  [com.namir.aatariak.keycloak.provider.api.user.AatariakUserProvider] (executor-thread-0) Found user data for namirabboud@gmail.com in loadedUsers.
81464 [docker-java-stream--732551135] INFO  tc.quay.io/keycloak/keycloak:21.0  - STDOUT: 2023-08-03 13:57:45,441 INFO  [com.namir.aatariak.keycloak.provider.api.user.AatariakUserProvider] (executor-thread-0) getUserById: actually getting by email namirabboud@gmail.com
81464 [docker-java-stream--732551135] INFO  tc.quay.io/keycloak/keycloak:21.0  - STDOUT: 2023-08-03 13:57:45,441 INFO  [com.namir.aatariak.keycloak.provider.api.user.AatariakUserProvider] (executor-thread-0) Found user data for namirabboud@gmail.com in loadedUsers.
81464 [docker-java-stream--732551135] INFO  tc.quay.io/keycloak/keycloak:21.0  - STDOUT: 2023-08-03 13:57:45,441 INFO  [com.namir.aatariak.keycloak.provider.api.user.AatariakUserProvider] (executor-thread-0) getUserById: actually getting by email namirabboud@gmail.com
81464 [docker-java-stream--732551135] INFO  tc.quay.io/keycloak/keycloak:21.0  - STDOUT: 2023-08-03 13:57:45,441 INFO  [com.namir.aatariak.keycloak.provider.api.user.AatariakUserProvider] (executor-thread-0) Found user data for namirabboud@gmail.com in loadedUsers.
81464 [docker-java-stream--732551135] INFO  tc.quay.io/keycloak/keycloak:21.0  - STDOUT: 2023-08-03 13:57:45,441 INFO  [com.namir.aatariak.keycloak.provider.api.user.AatariakUserProvider] (executor-thread-0) getUserById: actually getting by email namirabboud@gmail.com
81465 [docker-java-stream--732551135] INFO  tc.quay.io/keycloak/keycloak:21.0  - STDOUT: 2023-08-03 13:57:45,441 INFO  [com.namir.aatariak.keycloak.provider.api.user.AatariakUserProvider] (executor-thread-0) Found user data for namirabboud@gmail.com in loadedUsers.
81465 [docker-java-stream--732551135] INFO  tc.quay.io/keycloak/keycloak:21.0  - STDOUT: 2023-08-03 13:57:45,442 INFO  [com.namir.aatariak.keycloak.provider.api.user.AatariakUserProvider] (executor-thread-0) getUserById: actually getting by email namirabboud@gmail.com
81465 [docker-java-stream--732551135] INFO  tc.quay.io/keycloak/keycloak:21.0  - STDOUT: 2023-08-03 13:57:45,442 INFO  [com.namir.aatariak.keycloak.provider.api.user.AatariakUserProvider] (executor-thread-0) Found user data for namirabboud@gmail.com in loadedUsers.
81465 [docker-java-stream--732551135] INFO  tc.quay.io/keycloak/keycloak:21.0  - STDOUT: 2023-08-03 13:57:45,442 INFO  [com.namir.aatariak.keycloak.provider.api.user.AatariakUserProvider] (executor-thread-0) getUserById: actually getting by email namirabboud@gmail.com
81465 [docker-java-stream--732551135] INFO  tc.quay.io/keycloak/keycloak:21.0  - STDOUT: 2023-08-03 13:57:45,442 INFO  [com.namir.aatariak.keycloak.provider.api.user.AatariakUserProvider] (executor-thread-0) Found user data for namirabboud@gmail.com in loadedUsers.
81465 [docker-java-stream--732551135] INFO  tc.quay.io/keycloak/keycloak:21.0  - STDOUT: 2023-08-03 13:57:45,442 INFO  [com.namir.aatariak.keycloak.provider.api.user.AatariakUserProvider] (executor-thread-0) getUserById: actually getting by email namirabboud@gmail.com
81465 [docker-java-stream--732551135] INFO  tc.quay.io/keycloak/keycloak:21.0  - STDOUT: 2023-08-03 13:57:45,442 INFO  [com.namir.aatariak.keycloak.provider.api.user.AatariakUserProvider] (executor-thread-0) Found user data for namirabboud@gmail.com in loadedUsers.
81466 [docker-java-stream--732551135] INFO  tc.quay.io/keycloak/keycloak:21.0  - STDOUT: 2023-08-03 13:57:45,442 INFO  [com.namir.aatariak.keycloak.provider.api.user.AatariakUserProvider] (executor-thread-0) getUserById: actually getting by email namirabboud@gmail.com
81466 [docker-java-stream--732551135] INFO  tc.quay.io/keycloak/keycloak:21.0  - STDOUT: 2023-08-03 13:57:45,442 INFO  [com.namir.aatariak.keycloak.provider.api.user.AatariakUserProvider] (executor-thread-0) Found user data for namirabboud@gmail.com in loadedUsers.
81466 [docker-java-stream--732551135] INFO  tc.quay.io/keycloak/keycloak:21.0  - STDOUT: 2023-08-03 13:57:45,443 INFO  [com.namir.aatariak.keycloak.provider.api.user.AatariakUserProvider] (executor-thread-0) getUserById: actually getting by email namirabboud@gmail.com
81466 [docker-java-stream--732551135] INFO  tc.quay.io/keycloak/keycloak:21.0  - STDOUT: 2023-08-03 13:57:45,443 INFO  [com.namir.aatariak.keycloak.provider.api.user.AatariakUserProvider] (executor-thread-0) Found user data for namirabboud@gmail.com in loadedUsers.
81466 [docker-java-stream--732551135] INFO  tc.quay.io/keycloak/keycloak:21.0  - STDOUT: 2023-08-03 13:57:45,443 INFO  [com.namir.aatariak.keycloak.provider.api.user.AatariakUserProvider] (executor-thread-0) getUserById: actually getting by email namirabboud@gmail.com
81466 [docker-java-stream--732551135] INFO  tc.quay.io/keycloak/keycloak:21.0  - STDOUT: 2023-08-03 13:57:45,443 INFO  [com.namir.aatariak.keycloak.provider.api.user.AatariakUserProvider] (executor-thread-0) Found user data for namirabboud@gmail.com in loadedUsers.
81467 [docker-java-stream--732551135] INFO  tc.quay.io/keycloak/keycloak:21.0  - STDOUT: 2023-08-03 13:57:45,443 INFO  [com.namir.aatariak.keycloak.provider.api.user.AatariakUserProvider] (executor-thread-0) getUserById: actually getting by email namirabboud@gmail.com
81467 [docker-java-stream--732551135] INFO  tc.quay.io/keycloak/keycloak:21.0  - STDOUT: 2023-08-03 13:57:45,443 INFO  [com.namir.aatariak.keycloak.provider.api.user.AatariakUserProvider] (executor-thread-0) Found user data for namirabboud@gmail.com in loadedUsers.
81467 [docker-java-stream--732551135] INFO  tc.quay.io/keycloak/keycloak:21.0  - STDOUT: 2023-08-03 13:57:45,444 INFO  [com.namir.aatariak.keycloak.provider.api.user.AatariakUserProvider] (executor-thread-0) getUserById: actually getting by email namirabboud@gmail.com
81467 [docker-java-stream--732551135] INFO  tc.quay.io/keycloak/keycloak:21.0  - STDOUT: 2023-08-03 13:57:45,444 INFO  [com.namir.aatariak.keycloak.provider.api.user.AatariakUserProvider] (executor-thread-0) Found user data for namirabboud@gmail.com in loadedUsers.
81467 [docker-java-stream--732551135] INFO  tc.quay.io/keycloak/keycloak:21.0  - STDOUT: 2023-08-03 13:57:45,444 INFO  [com.namir.aatariak.keycloak.provider.api.user.AatariakUserProvider] (executor-thread-0) getUserById: actually getting by email namirabboud@gmail.com
81467 [docker-java-stream--732551135] INFO  tc.quay.io/keycloak/keycloak:21.0  - STDOUT: 2023-08-03 13:57:45,444 INFO  [com.namir.aatariak.keycloak.provider.api.user.AatariakUserProvider] (executor-thread-0) Found user data for namirabboud@gmail.com in loadedUsers.
81467 [docker-java-stream--732551135] INFO  tc.quay.io/keycloak/keycloak:21.0  - STDOUT: 2023-08-03 13:57:45,444 INFO  [com.namir.aatariak.keycloak.provider.api.user.AatariakUserProvider] (executor-thread-0) getUserById: actually getting by email namirabboud@gmail.com
81468 [docker-java-stream--732551135] INFO  tc.quay.io/keycloak/keycloak:21.0  - STDOUT: 2023-08-03 13:57:45,444 INFO  [com.namir.aatariak.keycloak.provider.api.user.AatariakUserProvider] (executor-thread-0) Found user data for namirabboud@gmail.com in loadedUsers.
81468 [docker-java-stream--732551135] INFO  tc.quay.io/keycloak/keycloak:21.0  - STDOUT: 2023-08-03 13:57:45,445 INFO  [com.namir.aatariak.keycloak.provider.api.user.AatariakUserProvider] (executor-thread-0) getUserById: actually getting by email namirabboud@gmail.com
81468 [docker-java-stream--732551135] INFO  tc.quay.io/keycloak/keycloak:21.0  - STDOUT: 2023-08-03 13:57:45,445 INFO  [com.namir.aatariak.keycloak.provider.api.user.AatariakUserProvider] (executor-thread-0) Found user data for namirabboud@gmail.com in loadedUsers.
81468 [docker-java-stream--732551135] INFO  tc.quay.io/keycloak/keycloak:21.0  - STDOUT: 2023-08-03 13:57:45,445 INFO  [com.namir.aatariak.keycloak.provider.api.user.AatariakUserProvider] (executor-thread-0) getUserById: actually getting by email namirabboud@gmail.com
81468 [docker-java-stream--732551135] INFO  tc.quay.io/keycloak/keycloak:21.0  - STDOUT: 2023-08-03 13:57:45,445 INFO  [com.namir.aatariak.keycloak.provider.api.user.AatariakUserProvider] (executor-thread-0) Found user data for namirabboud@gmail.com in loadedUsers.
81482 [docker-java-stream--732551135] INFO  tc.quay.io/keycloak/keycloak:21.0  - STDOUT: 2023-08-03 13:57:45,459 INFO  [com.namir.aatariak.keycloak.provider.api.user.AatariakUserProvider] (executor-thread-0) getUserById: actually getting by email namirabboud@gmail.com
81482 [docker-java-stream--732551135] INFO  tc.quay.io/keycloak/keycloak:21.0  - STDOUT: 2023-08-03 13:57:45,459 INFO  [com.namir.aatariak.keycloak.provider.api.user.AatariakUserProvider] (executor-thread-0) Found user data for namirabboud@gmail.com in loadedUsers.
]]></system-out>
  </testcase>
  <testcase name="testRealms(String)[1]" classname="com.namir.aatariak.keycloak.provider.api.user.AatariakUserProviderIT" time="0.22"/>
  <testcase name="testRealms(String)[2]" classname="com.namir.aatariak.keycloak.provider.api.user.AatariakUserProviderIT" time="0.091"/>
</testsuite>